<?xml version="1.0" encoding="UTF-8"?>
<testsuites>
  <testsuite name="sergmoro1\blog\tests.functional" tests="1" assertions="3" errors="0" failures="1" skipped="0" time="2.487378">
    <testcase name="Rubric" file="/home/sm1/www/vorst/vendor/sergmoro1/yii2-blog-tools/src/tests/./functional/RubricCept.php" feature="login" assertions="3" time="2.487378">
      <failure type="PHPUnit\Framework\ExpectationFailedException">RubricCept: Login
No matching records found for criteria {"slug":"root","rgt":4} in table rubric
Failed asserting that 0 is greater than 0.

/home/sm1/.composer/vendor/codeception/codeception/src/Codeception/Util/Shared/Asserts.php:86
/home/sm1/.composer/vendor/codeception/codeception/src/Codeception/Module/Db.php:481
/home/sm1/.composer/vendor/codeception/codeception/src/Codeception/Step.php:260
/home/sm1/.composer/vendor/codeception/codeception/src/Codeception/Scenario.php:72
/home/sm1/www/vorst/vendor/sergmoro1/yii2-blog-tools/src/tests/_support/_generated/FunctionalTesterActions.php:3107
/home/sm1/www/vorst/vendor/sergmoro1/yii2-blog-tools/src/tests/functional/RubricCept.php:32
/home/sm1/.composer/vendor/codeception/codeception/src/Codeception/Test/Cept.php:42
/home/sm1/.composer/vendor/codeception/codeception/src/Codeception/Test/Test.php:87
/home/sm1/.composer/vendor/codeception/codeception/src/Codeception/PHPUnit/Runner.php:106
/home/sm1/.composer/vendor/codeception/codeception/src/Codeception/SuiteManager.php:157
/home/sm1/.composer/vendor/codeception/codeception/src/Codeception/Codecept.php:189
/home/sm1/.composer/vendor/codeception/codeception/src/Codeception/Codecept.php:158
/home/sm1/.composer/vendor/codeception/codeception/src/Codeception/Command/Run.php:355
/home/sm1/.composer/vendor/symfony/console/Command/Command.php:252
/home/sm1/.composer/vendor/symfony/console/Application.php:938
/home/sm1/.composer/vendor/symfony/console/Application.php:240
/home/sm1/.composer/vendor/symfony/console/Application.php:148
/home/sm1/.composer/vendor/codeception/codeception/src/Codeception/Application.php:108
/home/sm1/.composer/vendor/codeception/codeception/codecept:42
</failure>
    </testcase>
  </testsuite>
</testsuites>
